# JRE version: Java(TM) SE Runtime Environment (17.0.7+8) (build 17.0.7+8-LTS-224)
# Java VM: Java HotSpot(TM) 64-Bit Server VM (17.0.7+8-LTS-224, mixed mode, sharing, tiered, compressed oops, compressed class ptrs, g1 gc, windows-amd64)
GC Precious Log:
 CPUs: 4 total, 4 available
 Memory: 16265M
 Large Page Support: Disabled
 NUMA Support: Disabled
 Compressed Oops: Enabled (Zero based)
 Heap Region Size: 2M
 Heap Min Capacity: 8M
 Heap Initial Capacity: 256M
 Heap Max Capacity: 4068M
 Pre-touch: Disabled
 Parallel Workers: 4
 Concurrent Workers: 1
 Concurrent Refinement Workers: 4
 Periodic GC: Disabled
Heap:
 garbage-first heap   total 149504K, used 85510K [0x0000000701c00000, 0x0000000800000000)
  region size 2048K, 26 young (53248K), 4 survivors (8192K)
 Metaspace       used 32739K, committed 33088K, reserved 1081344K
  class space    used 3746K, committed 3904K, reserved 1048576K
GC Heap History (18 events):
Event: 0.874 GC heap before
{Heap before GC invocations=0 (full 0):
 garbage-first heap   total 262144K, used 12288K [0x0000000701c00000, 0x0000000800000000)
  region size 2048K, 6 young (12288K), 0 survivors (0K)
 Metaspace       used 3408K, committed 3520K, reserved 1056768K
  class space    used 345K, committed 384K, reserved 1048576K
}
Event: 0.878 GC heap after
{Heap after GC invocations=1 (full 0):
 garbage-first heap   total 262144K, used 3094K [0x0000000701c00000, 0x0000000800000000)
  region size 2048K, 1 young (2048K), 1 survivors (2048K)
 Metaspace       used 3408K, committed 3520K, reserved 1056768K
  class space    used 345K, committed 384K, reserved 1048576K
}
Event: 1.100 GC heap before
{Heap before GC invocations=1 (full 0):
 garbage-first heap   total 262144K, used 13334K [0x0000000701c00000, 0x0000000800000000)
  region size 2048K, 6 young (12288K), 1 survivors (2048K)
 Metaspace       used 5075K, committed 5184K, reserved 1056768K
  class space    used 591K, committed 640K, reserved 1048576K
}
Event: 1.104 GC heap after
{Heap after GC invocations=2 (full 0):
 garbage-first heap   total 262144K, used 3740K [0x0000000701c00000, 0x0000000800000000)
  region size 2048K, 1 young (2048K), 1 survivors (2048K)
 Metaspace       used 5075K, committed 5184K, reserved 1056768K
  class space    used 591K, committed 640K, reserved 1048576K
}
Event: 1.828 GC heap before
{Heap before GC invocations=2 (full 0):
 garbage-first heap   total 262144K, used 36508K [0x0000000701c00000, 0x0000000800000000)
  region size 2048K, 17 young (34816K), 1 survivors (2048K)
 Metaspace       used 10102K, committed 10304K, reserved 1064960K
  class space    used 1239K, committed 1344K, reserved 1048576K
}
Event: 1.832 GC heap after
{Heap after GC invocations=3 (full 0):
 garbage-first heap   total 262144K, used 5776K [0x0000000701c00000, 0x0000000800000000)
  region size 2048K, 2 young (4096K), 2 survivors (4096K)
 Metaspace       used 10102K, committed 10304K, reserved 1064960K
  class space    used 1239K, committed 1344K, reserved 1048576K
}
Event: 3.684 GC heap before
{Heap before GC invocations=3 (full 0):
 garbage-first heap   total 262144K, used 91792K [0x0000000701c00000, 0x0000000800000000)
  region size 2048K, 44 young (90112K), 2 survivors (4096K)
 Metaspace       used 13372K, committed 13568K, reserved 1064960K
  class space    used 1503K, committed 1600K, reserved 1048576K
}
Event: 3.699 GC heap after
{Heap after GC invocations=4 (full 0):
 garbage-first heap   total 262144K, used 15405K [0x0000000701c00000, 0x0000000800000000)
  region size 2048K, 6 young (12288K), 6 survivors (12288K)
 Metaspace       used 13372K, committed 13568K, reserved 1064960K
  class space    used 1503K, committed 1600K, reserved 1048576K
}
Event: 6.464 GC heap before
{Heap before GC invocations=4 (full 0):
 garbage-first heap   total 262144K, used 89133K [0x0000000701c00000, 0x0000000800000000)
  region size 2048K, 43 young (88064K), 6 survivors (12288K)
 Metaspace       used 21202K, committed 21504K, reserved 1073152K
  class space    used 2392K, committed 2560K, reserved 1048576K
}
Event: 6.476 GC heap after
{Heap after GC invocations=5 (full 0):
 garbage-first heap   total 262144K, used 21405K [0x0000000701c00000, 0x0000000800000000)
  region size 2048K, 8 young (16384K), 8 survivors (16384K)
 Metaspace       used 21202K, committed 21504K, reserved 1073152K
  class space    used 2392K, committed 2560K, reserved 1048576K
}
Event: 6.983 GC heap before
{Heap before GC invocations=6 (full 0):
 garbage-first heap   total 81920K, used 54173K [0x0000000701c00000, 0x0000000800000000)
  region size 2048K, 24 young (49152K), 8 survivors (16384K)
 Metaspace       used 23032K, committed 23296K, reserved 1073152K
  class space    used 2586K, committed 2688K, reserved 1048576K
}
Event: 7.006 GC heap after
{Heap after GC invocations=7 (full 0):
 garbage-first heap   total 81920K, used 31742K [0x0000000701c00000, 0x0000000800000000)
  region size 2048K, 3 young (6144K), 3 survivors (6144K)
 Metaspace       used 23032K, committed 23296K, reserved 1073152K
  class space    used 2586K, committed 2688K, reserved 1048576K
}
Event: 7.038 GC heap before
{Heap before GC invocations=7 (full 0):
 garbage-first heap   total 81920K, used 33790K [0x0000000701c00000, 0x0000000800000000)
  region size 2048K, 4 young (8192K), 3 survivors (6144K)
 Metaspace       used 23038K, committed 23360K, reserved 1073152K
  class space    used 2587K, committed 2752K, reserved 1048576K
}
Event: 7.047 GC heap after
{Heap after GC invocations=8 (full 0):
 garbage-first heap   total 81920K, used 33142K [0x0000000701c00000, 0x0000000800000000)
  region size 2048K, 1 young (2048K), 1 survivors (2048K)
 Metaspace       used 23038K, committed 23360K, reserved 1073152K
  class space    used 2587K, committed 2752K, reserved 1048576K
}
Event: 7.389 GC heap before
{Heap before GC invocations=8 (full 0):
 garbage-first heap   total 81920K, used 55670K [0x0000000701c00000, 0x0000000800000000)
  region size 2048K, 13 young (26624K), 1 survivors (2048K)
 Metaspace       used 24200K, committed 24448K, reserved 1073152K
  class space    used 2702K, committed 2816K, reserved 1048576K
}
Event: 7.401 GC heap after
{Heap after GC invocations=9 (full 0):
 garbage-first heap   total 149504K, used 38566K [0x0000000701c00000, 0x0000000800000000)
  region size 2048K, 2 young (4096K), 2 survivors (4096K)
 Metaspace       used 24200K, committed 24448K, reserved 1073152K
  class space    used 2702K, committed 2816K, reserved 1048576K
}
Event: 8.647 GC heap before
{Heap before GC invocations=9 (full 0):
 garbage-first heap   total 149504K, used 95910K [0x0000000701c00000, 0x0000000800000000)
  region size 2048K, 30 young (61440K), 2 survivors (4096K)
 Metaspace       used 28323K, committed 28672K, reserved 1081344K
  class space    used 3188K, committed 3328K, reserved 1048576K
}
Event: 8.657 GC heap after
{Heap after GC invocations=10 (full 0):
 garbage-first heap   total 149504K, used 42502K [0x0000000701c00000, 0x0000000800000000)
  region size 2048K, 4 young (8192K), 4 survivors (8192K)
 Metaspace       used 28323K, committed 28672K, reserved 1081344K
  class space    used 3188K, committed 3328K, reserved 1048576K
}

